Replace Part C16 Cap Semi in C:\Users\Kaspar\Desktop\võistlusrobootika\Plaadijoonised\Kivipallur_joonis2.SchDoc with Cap Semi from Miscellaneous Devices.IntLib
Replace Part C17 Cap Semi in C:\Users\Kaspar\Desktop\võistlusrobootika\Plaadijoonised\Kivipallur_joonis2.SchDoc with Cap Semi from Miscellaneous Devices.IntLib
Replace Part C18 Cap Semi in C:\Users\Kaspar\Desktop\võistlusrobootika\Plaadijoonised\Kivipallur_joonis2.SchDoc with Cap Semi from Miscellaneous Devices.IntLib
Replace Part C19 Cap Semi in C:\Users\Kaspar\Desktop\võistlusrobootika\Plaadijoonised\Kivipallur_joonis2.SchDoc with Cap Semi from Miscellaneous Devices.IntLib
Replace Part C20 Cap Semi in C:\Users\Kaspar\Desktop\võistlusrobootika\Plaadijoonised\Kivipallur_joonis2.SchDoc with Cap Semi from Miscellaneous Devices.IntLib
Replace Part D1 LED2 in C:\Users\Kaspar\Desktop\võistlusrobootika\Plaadijoonised\Kivipallur_joonis2.SchDoc with LED2 from Miscellaneous Devices.IntLib
Replace Part D2 LED2 in C:\Users\Kaspar\Desktop\võistlusrobootika\Plaadijoonised\Kivipallur_joonis2.SchDoc with LED2 from Miscellaneous Devices.IntLib
Replace Part D3 LED2 in C:\Users\Kaspar\Desktop\võistlusrobootika\Plaadijoonised\Kivipallur_joonis2.SchDoc with LED2 from Miscellaneous Devices.IntLib
Replace Part D4 LED2 in C:\Users\Kaspar\Desktop\võistlusrobootika\Plaadijoonised\Kivipallur_joonis2.SchDoc with LED2 from Miscellaneous Devices.IntLib
Replace Part J1 FTSH-105-XX-X-DV in C:\Users\Kaspar\Desktop\võistlusrobootika\Plaadijoonised\Kivipallur_joonis2.SchDoc with FTSH-105-XX-X-DV from FTSH-105-XX-X-DV_2.0.IntLib
Replace Part J2 215079-4 in C:\Users\Kaspar\Desktop\võistlusrobootika\Plaadijoonised\Kivipallur_joonis2.SchDoc with 215079-4 from 215079-4.IntLib
Replace Part J3 215079-4 in C:\Users\Kaspar\Desktop\võistlusrobootika\Plaadijoonised\Kivipallur_joonis2.SchDoc with 215079-4 from 215079-4.IntLib
Replace Part J4 215079-4 in C:\Users\Kaspar\Desktop\võistlusrobootika\Plaadijoonised\Kivipallur_joonis2.SchDoc with 215079-4 from 215079-4.IntLib
Replace Part J5 215079-4 in C:\Users\Kaspar\Desktop\võistlusrobootika\Plaadijoonised\Kivipallur_joonis2.SchDoc with 215079-4 from 215079-4.IntLib
Replace Part J6 215079-4 in C:\Users\Kaspar\Desktop\võistlusrobootika\Plaadijoonised\Kivipallur_joonis2.SchDoc with 215079-4 from 215079-4.IntLib
Replace Part J7 215079-4 in C:\Users\Kaspar\Desktop\võistlusrobootika\Plaadijoonised\Kivipallur_joonis2.SchDoc with 215079-4 from 215079-4.IntLib
Replace Part R10 Res3 in C:\Users\Kaspar\Desktop\võistlusrobootika\Plaadijoonised\Kivipallur_joonis2.SchDoc with Res3 from Miscellaneous Devices.IntLib
Replace Part R11 Res3 in C:\Users\Kaspar\Desktop\võistlusrobootika\Plaadijoonised\Kivipallur_joonis2.SchDoc with Res3 from Miscellaneous Devices.IntLib
Replace Part R12 Res3 in C:\Users\Kaspar\Desktop\võistlusrobootika\Plaadijoonised\Kivipallur_joonis2.SchDoc with Res3 from Miscellaneous Devices.IntLib
Replace Part R13 Res3 in C:\Users\Kaspar\Desktop\võistlusrobootika\Plaadijoonised\Kivipallur_joonis2.SchDoc with Res3 from Miscellaneous Devices.IntLib
Replace Part U7 STM32G441KBT3 in C:\Users\Kaspar\Desktop\võistlusrobootika\Plaadijoonised\Kivipallur_joonis2.SchDoc with STM32G441KBT3 from STM32G441KBT3.IntLib
